2023-03-12T09:44:02.054+05:30  INFO 12336 --- [restartedMain] c.application.HealthBridgeApplication    : Starting HealthBridgeApplication using Java 17.0.6 with PID 12336 (C:\Users\sumer\Desktop\HealthBridge\target\classes started by sumer in C:\Users\sumer\Desktop\HealthBridge)
2023-03-12T09:44:02.094+05:30  INFO 12336 --- [restartedMain] c.application.HealthBridgeApplication    : No active profile set, falling back to 1 default profile: "default"
2023-03-12T09:44:02.253+05:30  INFO 12336 --- [restartedMain] .e.DevToolsPropertyDefaultsPostProcessor : Devtools property defaults active! Set 'spring.devtools.add-properties' to 'false' to disable
2023-03-12T09:44:02.254+05:30  INFO 12336 --- [restartedMain] .e.DevToolsPropertyDefaultsPostProcessor : For additional web related logging consider setting the 'logging.level.web' property to 'DEBUG'
2023-03-12T09:44:03.896+05:30  INFO 12336 --- [restartedMain] .s.d.r.c.RepositoryConfigurationDelegate : Bootstrapping Spring Data JPA repositories in DEFAULT mode.
2023-03-12T09:44:04.079+05:30  INFO 12336 --- [restartedMain] .s.d.r.c.RepositoryConfigurationDelegate : Finished Spring Data repository scanning in 159 ms. Found 6 JPA repository interfaces.
2023-03-12T09:44:05.700+05:30  INFO 12336 --- [restartedMain] o.s.b.w.embedded.tomcat.TomcatWebServer  : Tomcat initialized with port(s): 8080 (http)
2023-03-12T09:44:05.726+05:30  INFO 12336 --- [restartedMain] o.apache.catalina.core.StandardService   : Starting service [Tomcat]
2023-03-12T09:44:05.728+05:30  INFO 12336 --- [restartedMain] o.apache.catalina.core.StandardEngine    : Starting Servlet engine: [Apache Tomcat/10.1.5]
2023-03-12T09:44:05.872+05:30  INFO 12336 --- [restartedMain] o.a.c.c.C.[Tomcat].[localhost].[/api]    : Initializing Spring embedded WebApplicationContext
2023-03-12T09:44:05.876+05:30  INFO 12336 --- [restartedMain] w.s.c.ServletWebServerApplicationContext : Root WebApplicationContext: initialization completed in 3617 ms
2023-03-12T09:44:06.187+05:30  INFO 12336 --- [restartedMain] o.hibernate.jpa.internal.util.LogHelper  : HHH000204: Processing PersistenceUnitInfo [name: default]
2023-03-12T09:44:06.352+05:30  INFO 12336 --- [restartedMain] org.hibernate.Version                    : HHH000412: Hibernate ORM core version 6.1.7.Final
2023-03-12T09:44:07.097+05:30  INFO 12336 --- [restartedMain] com.zaxxer.hikari.HikariDataSource       : HikariPool-1 - Starting...
2023-03-12T09:44:07.106+05:30  WARN 12336 --- [restartedMain] c.zaxxer.hikari.util.DriverDataSource    : Registered driver with driverClassName=com.mysql.jdbc.Driver was not found, trying direct instantiation.
2023-03-12T09:44:07.439+05:30  INFO 12336 --- [restartedMain] com.zaxxer.hikari.pool.HikariPool        : HikariPool-1 - Added connection com.mysql.cj.jdbc.ConnectionImpl@1bd763fc
2023-03-12T09:44:07.447+05:30  INFO 12336 --- [restartedMain] com.zaxxer.hikari.HikariDataSource       : HikariPool-1 - Start completed.
2023-03-12T09:44:07.494+05:30  WARN 12336 --- [restartedMain] org.hibernate.dialect.Dialect            : HHH000511: The 5.0.0 version for [org.hibernate.dialect.MySQL5Dialect] is no longer supported, hence certain features may not work properly. The minimum supported version is 5.7.0. Check the community dialects project for available legacy versions.
2023-03-12T09:44:07.504+05:30  INFO 12336 --- [restartedMain] SQL dialect                              : HHH000400: Using dialect: org.hibernate.dialect.MySQL5Dialect
2023-03-12T09:44:07.508+05:30  WARN 12336 --- [restartedMain] org.hibernate.orm.deprecation            : HHH90000026: MySQL5Dialect has been deprecated; use org.hibernate.dialect.MySQLDialect instead
2023-03-12T09:44:09.806+05:30  INFO 12336 --- [restartedMain] o.h.e.t.j.p.i.JtaPlatformInitiator       : HHH000490: Using JtaPlatform implementation: [org.hibernate.engine.transaction.jta.platform.internal.NoJtaPlatform]
2023-03-12T09:44:09.823+05:30  INFO 12336 --- [restartedMain] j.LocalContainerEntityManagerFactoryBean : Initialized JPA EntityManagerFactory for persistence unit 'default'
2023-03-12T09:44:12.065+05:30  WARN 12336 --- [restartedMain] JpaBaseConfiguration$JpaWebConfiguration : spring.jpa.open-in-view is enabled by default. Therefore, database queries may be performed during view rendering. Explicitly configure spring.jpa.open-in-view to disable this warning
2023-03-12T09:44:12.500+05:30  INFO 12336 --- [restartedMain] o.s.s.web.DefaultSecurityFilterChain     : Will secure any request with [org.springframework.security.web.session.DisableEncodeUrlFilter@5893107f, org.springframework.security.web.context.request.async.WebAsyncManagerIntegrationFilter@579b342b, org.springframework.security.web.context.SecurityContextHolderFilter@7448e4fd, org.springframework.security.web.header.HeaderWriterFilter@1644d68f, org.springframework.security.web.authentication.logout.LogoutFilter@58a168f4, com.application.config.JwtAuthenticationFilter@4beb7e, org.springframework.security.web.savedrequest.RequestCacheAwareFilter@7491ea56, org.springframework.security.web.servletapi.SecurityContextHolderAwareRequestFilter@23bfcecd, org.springframework.security.web.authentication.AnonymousAuthenticationFilter@481bbd6, org.springframework.security.web.session.SessionManagementFilter@38ab6256, org.springframework.security.web.access.ExceptionTranslationFilter@296dafbb, org.springframework.security.web.access.intercept.AuthorizationFilter@dc048fe]
2023-03-12T09:44:13.018+05:30  INFO 12336 --- [restartedMain] o.s.b.d.a.OptionalLiveReloadServer       : LiveReload server is running on port 35729
2023-03-12T09:44:13.107+05:30  INFO 12336 --- [restartedMain] o.s.b.w.embedded.tomcat.TomcatWebServer  : Tomcat started on port(s): 8080 (http) with context path '/api'
2023-03-12T09:44:13.134+05:30  INFO 12336 --- [restartedMain] c.application.HealthBridgeApplication    : Started HealthBridgeApplication in 12.408 seconds (process running for 13.842)
2023-03-12T09:44:29.553+05:30  INFO 12336 --- [http-nio-8080-exec-1] o.a.c.c.C.[Tomcat].[localhost].[/api]    : Initializing Spring DispatcherServlet 'dispatcherServlet'
2023-03-12T09:44:29.555+05:30  INFO 12336 --- [http-nio-8080-exec-1] o.s.web.servlet.DispatcherServlet        : Initializing Servlet 'dispatcherServlet'
2023-03-12T09:44:29.563+05:30  INFO 12336 --- [http-nio-8080-exec-1] o.s.web.servlet.DispatcherServlet        : Completed initialization in 7 ms
2023-03-12T09:54:41.727+05:30  WARN 12336 --- [http-nio-8080-exec-3] .c.j.MappingJackson2HttpMessageConverter : Failed to evaluate Jackson deserialization for type [[simple type, class com.application.model.Appointment]]: com.fasterxml.jackson.databind.exc.InvalidDefinitionException: Multiple back-reference properties with name 'defaultReference'
2023-03-12T09:54:41.746+05:30  WARN 12336 --- [http-nio-8080-exec-3] .w.s.m.s.DefaultHandlerExceptionResolver : Resolved [org.springframework.web.HttpMediaTypeNotSupportedException: Content-Type 'application/json;charset=UTF-8' is not supported]
2023-03-12T09:56:08.992+05:30  INFO 12336 --- [File Watcher] rtingClassPathChangeChangedEventListener : Restarting due to 1 class path change (0 additions, 0 deletions, 1 modification)
2023-03-12T09:56:09.049+05:30  INFO 12336 --- [Thread-5] o.apache.catalina.core.StandardService   : Stopping service [Tomcat]
2023-03-12T09:56:09.057+05:30  INFO 12336 --- [Thread-5] o.a.c.c.C.[Tomcat].[localhost].[/api]    : Destroying Spring FrameworkServlet 'dispatcherServlet'
2023-03-12T09:56:09.073+05:30  WARN 12336 --- [Thread-5] o.a.c.loader.WebappClassLoaderBase       : The web application [api] appears to have started a thread named [HikariPool-1 housekeeper] but has failed to stop it. This is very likely to create a memory leak. Stack trace of thread:
 java.base@17.0.6/jdk.internal.misc.Unsafe.park(Native Method)
 java.base@17.0.6/java.util.concurrent.locks.LockSupport.parkNanos(LockSupport.java:252)
 java.base@17.0.6/java.util.concurrent.locks.AbstractQueuedSynchronizer$ConditionObject.awaitNanos(AbstractQueuedSynchronizer.java:1672)
 java.base@17.0.6/java.util.concurrent.ScheduledThreadPoolExecutor$DelayedWorkQueue.take(ScheduledThreadPoolExecutor.java:1182)
 java.base@17.0.6/java.util.concurrent.ScheduledThreadPoolExecutor$DelayedWorkQueue.take(ScheduledThreadPoolExecutor.java:899)
 java.base@17.0.6/java.util.concurrent.ThreadPoolExecutor.getTask(ThreadPoolExecutor.java:1062)
 java.base@17.0.6/java.util.concurrent.ThreadPoolExecutor.runWorker(ThreadPoolExecutor.java:1122)
 java.base@17.0.6/java.util.concurrent.ThreadPoolExecutor$Worker.run(ThreadPoolExecutor.java:635)
 java.base@17.0.6/java.lang.Thread.run(Thread.java:833)
2023-03-12T09:56:09.101+05:30  INFO 12336 --- [Thread-5] j.LocalContainerEntityManagerFactoryBean : Closing JPA EntityManagerFactory for persistence unit 'default'
2023-03-12T09:56:09.120+05:30  INFO 12336 --- [Thread-5] com.zaxxer.hikari.HikariDataSource       : HikariPool-1 - Shutdown initiated...
2023-03-12T09:56:09.184+05:30  INFO 12336 --- [Thread-5] com.zaxxer.hikari.HikariDataSource       : HikariPool-1 - Shutdown completed.
2023-03-12T09:56:09.344+05:30  INFO 12336 --- [restartedMain] c.application.HealthBridgeApplication    : Starting HealthBridgeApplication using Java 17.0.6 with PID 12336 (C:\Users\sumer\Desktop\HealthBridge\target\classes started by sumer in C:\Users\sumer\Desktop\HealthBridge)
2023-03-12T09:56:09.349+05:30  INFO 12336 --- [restartedMain] c.application.HealthBridgeApplication    : No active profile set, falling back to 1 default profile: "default"
2023-03-12T09:56:09.810+05:30  INFO 12336 --- [restartedMain] .s.d.r.c.RepositoryConfigurationDelegate : Bootstrapping Spring Data JPA repositories in DEFAULT mode.
2023-03-12T09:56:09.875+05:30  INFO 12336 --- [restartedMain] .s.d.r.c.RepositoryConfigurationDelegate : Finished Spring Data repository scanning in 60 ms. Found 6 JPA repository interfaces.
2023-03-12T09:56:10.127+05:30  INFO 12336 --- [restartedMain] o.s.b.w.embedded.tomcat.TomcatWebServer  : Tomcat initialized with port(s): 8080 (http)
2023-03-12T09:56:10.129+05:30  INFO 12336 --- [restartedMain] o.apache.catalina.core.StandardService   : Starting service [Tomcat]
2023-03-12T09:56:10.130+05:30  INFO 12336 --- [restartedMain] o.apache.catalina.core.StandardEngine    : Starting Servlet engine: [Apache Tomcat/10.1.5]
2023-03-12T09:56:10.176+05:30  INFO 12336 --- [restartedMain] o.a.c.c.C.[Tomcat].[localhost].[/api]    : Initializing Spring embedded WebApplicationContext
2023-03-12T09:56:10.177+05:30  INFO 12336 --- [restartedMain] w.s.c.ServletWebServerApplicationContext : Root WebApplicationContext: initialization completed in 822 ms
2023-03-12T09:56:10.249+05:30  INFO 12336 --- [restartedMain] o.hibernate.jpa.internal.util.LogHelper  : HHH000204: Processing PersistenceUnitInfo [name: default]
2023-03-12T09:56:10.269+05:30  INFO 12336 --- [restartedMain] com.zaxxer.hikari.HikariDataSource       : HikariPool-2 - Starting...
2023-03-12T09:56:10.269+05:30  WARN 12336 --- [restartedMain] c.zaxxer.hikari.util.DriverDataSource    : Registered driver with driverClassName=com.mysql.jdbc.Driver was not found, trying direct instantiation.
2023-03-12T09:56:10.280+05:30  INFO 12336 --- [restartedMain] com.zaxxer.hikari.pool.HikariPool        : HikariPool-2 - Added connection com.mysql.cj.jdbc.ConnectionImpl@610f98c1
2023-03-12T09:56:10.282+05:30  INFO 12336 --- [restartedMain] com.zaxxer.hikari.HikariDataSource       : HikariPool-2 - Start completed.
2023-03-12T09:56:10.283+05:30  WARN 12336 --- [restartedMain] org.hibernate.dialect.Dialect            : HHH000511: The 5.0.0 version for [org.hibernate.dialect.MySQL5Dialect] is no longer supported, hence certain features may not work properly. The minimum supported version is 5.7.0. Check the community dialects project for available legacy versions.
2023-03-12T09:56:10.284+05:30  INFO 12336 --- [restartedMain] SQL dialect                              : HHH000400: Using dialect: org.hibernate.dialect.MySQL5Dialect
2023-03-12T09:56:10.284+05:30  WARN 12336 --- [restartedMain] org.hibernate.orm.deprecation            : HHH90000026: MySQL5Dialect has been deprecated; use org.hibernate.dialect.MySQLDialect instead
2023-03-12T09:56:11.011+05:30  INFO 12336 --- [restartedMain] o.h.e.t.j.p.i.JtaPlatformInitiator       : HHH000490: Using JtaPlatform implementation: [org.hibernate.engine.transaction.jta.platform.internal.NoJtaPlatform]
2023-03-12T09:56:11.012+05:30  INFO 12336 --- [restartedMain] j.LocalContainerEntityManagerFactoryBean : Initialized JPA EntityManagerFactory for persistence unit 'default'
2023-03-12T09:56:11.429+05:30  WARN 12336 --- [restartedMain] JpaBaseConfiguration$JpaWebConfiguration : spring.jpa.open-in-view is enabled by default. Therefore, database queries may be performed during view rendering. Explicitly configure spring.jpa.open-in-view to disable this warning
2023-03-12T09:56:11.522+05:30  INFO 12336 --- [restartedMain] o.s.s.web.DefaultSecurityFilterChain     : Will secure any request with [org.springframework.security.web.session.DisableEncodeUrlFilter@3b12718e, org.springframework.security.web.context.request.async.WebAsyncManagerIntegrationFilter@bdf52f, org.springframework.security.web.context.SecurityContextHolderFilter@1167f54e, org.springframework.security.web.header.HeaderWriterFilter@a55afb7, org.springframework.security.web.authentication.logout.LogoutFilter@6aaa27c4, com.application.config.JwtAuthenticationFilter@406cb068, org.springframework.security.web.savedrequest.RequestCacheAwareFilter@6ed9d836, org.springframework.security.web.servletapi.SecurityContextHolderAwareRequestFilter@49d6fa4d, org.springframework.security.web.authentication.AnonymousAuthenticationFilter@582183d5, org.springframework.security.web.session.SessionManagementFilter@e1be67, org.springframework.security.web.access.ExceptionTranslationFilter@5ab4aeaa, org.springframework.security.web.access.intercept.AuthorizationFilter@34e8c542]
2023-03-12T09:56:11.731+05:30  INFO 12336 --- [restartedMain] o.s.b.d.a.OptionalLiveReloadServer       : LiveReload server is running on port 35729
2023-03-12T09:56:11.755+05:30  INFO 12336 --- [restartedMain] o.s.b.w.embedded.tomcat.TomcatWebServer  : Tomcat started on port(s): 8080 (http) with context path '/api'
2023-03-12T09:56:11.761+05:30  INFO 12336 --- [restartedMain] c.application.HealthBridgeApplication    : Started HealthBridgeApplication in 2.482 seconds (process running for 731.193)
2023-03-12T09:56:11.767+05:30  INFO 12336 --- [restartedMain] .ConditionEvaluationDeltaLoggingListener : Condition evaluation unchanged
2023-03-12T09:57:08.256+05:30  INFO 12336 --- [File Watcher] rtingClassPathChangeChangedEventListener : Restarting due to 1 class path change (0 additions, 0 deletions, 1 modification)
2023-03-12T09:57:08.285+05:30  INFO 12336 --- [Thread-7] o.apache.catalina.core.StandardService   : Stopping service [Tomcat]
2023-03-12T09:57:08.297+05:30  WARN 12336 --- [Thread-7] o.a.c.loader.WebappClassLoaderBase       : The web application [api] appears to have started a thread named [HikariPool-2 housekeeper] but has failed to stop it. This is very likely to create a memory leak. Stack trace of thread:
 java.base@17.0.6/jdk.internal.misc.Unsafe.park(Native Method)
 java.base@17.0.6/java.util.concurrent.locks.LockSupport.parkNanos(LockSupport.java:252)
 java.base@17.0.6/java.util.concurrent.locks.AbstractQueuedSynchronizer$ConditionObject.awaitNanos(AbstractQueuedSynchronizer.java:1672)
 java.base@17.0.6/java.util.concurrent.ScheduledThreadPoolExecutor$DelayedWorkQueue.take(ScheduledThreadPoolExecutor.java:1182)
 java.base@17.0.6/java.util.concurrent.ScheduledThreadPoolExecutor$DelayedWorkQueue.take(ScheduledThreadPoolExecutor.java:899)
 java.base@17.0.6/java.util.concurrent.ThreadPoolExecutor.getTask(ThreadPoolExecutor.java:1062)
 java.base@17.0.6/java.util.concurrent.ThreadPoolExecutor.runWorker(ThreadPoolExecutor.java:1122)
 java.base@17.0.6/java.util.concurrent.ThreadPoolExecutor$Worker.run(ThreadPoolExecutor.java:635)
 java.base@17.0.6/java.lang.Thread.run(Thread.java:833)
2023-03-12T09:57:08.309+05:30  INFO 12336 --- [Thread-7] j.LocalContainerEntityManagerFactoryBean : Closing JPA EntityManagerFactory for persistence unit 'default'
2023-03-12T09:57:08.314+05:30  INFO 12336 --- [Thread-7] com.zaxxer.hikari.HikariDataSource       : HikariPool-2 - Shutdown initiated...
2023-03-12T09:57:08.338+05:30  INFO 12336 --- [Thread-7] com.zaxxer.hikari.HikariDataSource       : HikariPool-2 - Shutdown completed.
2023-03-12T09:57:08.506+05:30  INFO 12336 --- [restartedMain] c.application.HealthBridgeApplication    : Starting HealthBridgeApplication using Java 17.0.6 with PID 12336 (C:\Users\sumer\Desktop\HealthBridge\target\classes started by sumer in C:\Users\sumer\Desktop\HealthBridge)
2023-03-12T09:57:08.509+05:30  INFO 12336 --- [restartedMain] c.application.HealthBridgeApplication    : No active profile set, falling back to 1 default profile: "default"
2023-03-12T09:57:08.983+05:30  INFO 12336 --- [restartedMain] .s.d.r.c.RepositoryConfigurationDelegate : Bootstrapping Spring Data JPA repositories in DEFAULT mode.
2023-03-12T09:57:09.049+05:30  INFO 12336 --- [restartedMain] .s.d.r.c.RepositoryConfigurationDelegate : Finished Spring Data repository scanning in 64 ms. Found 6 JPA repository interfaces.
2023-03-12T09:57:09.286+05:30  INFO 12336 --- [restartedMain] o.s.b.w.embedded.tomcat.TomcatWebServer  : Tomcat initialized with port(s): 8080 (http)
2023-03-12T09:57:09.292+05:30  INFO 12336 --- [restartedMain] o.apache.catalina.core.StandardService   : Starting service [Tomcat]
2023-03-12T09:57:09.292+05:30  INFO 12336 --- [restartedMain] o.apache.catalina.core.StandardEngine    : Starting Servlet engine: [Apache Tomcat/10.1.5]
2023-03-12T09:57:09.330+05:30  INFO 12336 --- [restartedMain] o.a.c.c.C.[Tomcat].[localhost].[/api]    : Initializing Spring embedded WebApplicationContext
2023-03-12T09:57:09.331+05:30  INFO 12336 --- [restartedMain] w.s.c.ServletWebServerApplicationContext : Root WebApplicationContext: initialization completed in 817 ms
2023-03-12T09:57:09.408+05:30  INFO 12336 --- [restartedMain] o.hibernate.jpa.internal.util.LogHelper  : HHH000204: Processing PersistenceUnitInfo [name: default]
2023-03-12T09:57:09.429+05:30  INFO 12336 --- [restartedMain] com.zaxxer.hikari.HikariDataSource       : HikariPool-3 - Starting...
2023-03-12T09:57:09.429+05:30  WARN 12336 --- [restartedMain] c.zaxxer.hikari.util.DriverDataSource    : Registered driver with driverClassName=com.mysql.jdbc.Driver was not found, trying direct instantiation.
2023-03-12T09:57:09.437+05:30  INFO 12336 --- [restartedMain] com.zaxxer.hikari.pool.HikariPool        : HikariPool-3 - Added connection com.mysql.cj.jdbc.ConnectionImpl@6046a6ed
2023-03-12T09:57:09.438+05:30  INFO 12336 --- [restartedMain] com.zaxxer.hikari.HikariDataSource       : HikariPool-3 - Start completed.
2023-03-12T09:57:09.439+05:30  WARN 12336 --- [restartedMain] org.hibernate.dialect.Dialect            : HHH000511: The 5.0.0 version for [org.hibernate.dialect.MySQL5Dialect] is no longer supported, hence certain features may not work properly. The minimum supported version is 5.7.0. Check the community dialects project for available legacy versions.
2023-03-12T09:57:09.439+05:30  INFO 12336 --- [restartedMain] SQL dialect                              : HHH000400: Using dialect: org.hibernate.dialect.MySQL5Dialect
2023-03-12T09:57:09.440+05:30  WARN 12336 --- [restartedMain] org.hibernate.orm.deprecation            : HHH90000026: MySQL5Dialect has been deprecated; use org.hibernate.dialect.MySQLDialect instead
2023-03-12T09:57:10.134+05:30  INFO 12336 --- [restartedMain] o.h.e.t.j.p.i.JtaPlatformInitiator       : HHH000490: Using JtaPlatform implementation: [org.hibernate.engine.transaction.jta.platform.internal.NoJtaPlatform]
2023-03-12T09:57:10.135+05:30  INFO 12336 --- [restartedMain] j.LocalContainerEntityManagerFactoryBean : Initialized JPA EntityManagerFactory for persistence unit 'default'
2023-03-12T09:57:10.607+05:30  WARN 12336 --- [restartedMain] JpaBaseConfiguration$JpaWebConfiguration : spring.jpa.open-in-view is enabled by default. Therefore, database queries may be performed during view rendering. Explicitly configure spring.jpa.open-in-view to disable this warning
2023-03-12T09:57:10.690+05:30  INFO 12336 --- [restartedMain] o.s.s.web.DefaultSecurityFilterChain     : Will secure any request with [org.springframework.security.web.session.DisableEncodeUrlFilter@7ef97a13, org.springframework.security.web.context.request.async.WebAsyncManagerIntegrationFilter@5e9be063, org.springframework.security.web.context.SecurityContextHolderFilter@49846519, org.springframework.security.web.header.HeaderWriterFilter@72c7b514, org.springframework.security.web.authentication.logout.LogoutFilter@48fd07e8, com.application.config.JwtAuthenticationFilter@6246bb4, org.springframework.security.web.savedrequest.RequestCacheAwareFilter@6967abd7, org.springframework.security.web.servletapi.SecurityContextHolderAwareRequestFilter@2647dcfa, org.springframework.security.web.authentication.AnonymousAuthenticationFilter@43b7e63f, org.springframework.security.web.session.SessionManagementFilter@63acfa8b, org.springframework.security.web.access.ExceptionTranslationFilter@664d4fa, org.springframework.security.web.access.intercept.AuthorizationFilter@4288b57]
2023-03-12T09:57:10.834+05:30  INFO 12336 --- [restartedMain] o.s.b.d.a.OptionalLiveReloadServer       : LiveReload server is running on port 35729
2023-03-12T09:57:10.849+05:30  INFO 12336 --- [restartedMain] o.s.b.w.embedded.tomcat.TomcatWebServer  : Tomcat started on port(s): 8080 (http) with context path '/api'
2023-03-12T09:57:10.856+05:30  INFO 12336 --- [restartedMain] c.application.HealthBridgeApplication    : Started HealthBridgeApplication in 2.408 seconds (process running for 790.289)
2023-03-12T09:57:10.859+05:30  INFO 12336 --- [restartedMain] .ConditionEvaluationDeltaLoggingListener : Condition evaluation unchanged
2023-03-12T10:20:21.592+05:30  INFO 12336 --- [http-nio-8080-exec-9] o.a.c.c.C.[Tomcat].[localhost].[/api]    : Initializing Spring DispatcherServlet 'dispatcherServlet'
2023-03-12T10:20:21.593+05:30  INFO 12336 --- [http-nio-8080-exec-9] o.s.web.servlet.DispatcherServlet        : Initializing Servlet 'dispatcherServlet'
2023-03-12T10:20:21.599+05:30  INFO 12336 --- [http-nio-8080-exec-9] o.s.web.servlet.DispatcherServlet        : Completed initialization in 6 ms
